Log file open, 02/22/18 18:56:34
LogWindows: Failed to load 'aqProf.dll' (GetLastError=126)
LogWindows: File 'aqProf.dll' does not exist
LogWindows: Failed to load 'VtuneApi.dll' (GetLastError=126)
LogWindows: File 'VtuneApi.dll' does not exist
LogWindows: Failed to load 'VtuneApi32e.dll' (GetLastError=126)
LogWindows: File 'VtuneApi32e.dll' does not exist
LogInit: Display: Running engine for game: OurfirstGame
LogPlatformFile: Not using cached read wrapper
LogInit: Display: RandInit(-1739297111) SRandInit(-1739297111).
LogTaskGraph: Started task graph with 5 named threads and 14 total threads with 3 sets of task threads.
LogStats: Stats thread started at 0.175915
LogD3D11RHI: Aftermath initialized
LogPluginManager: Mounting plugin Paper2D
LogPluginManager: Mounting plugin LightPropagationVolume
LogPluginManager: Mounting plugin CodeLiteSourceCodeAccess
LogPluginManager: Mounting plugin GitSourceControl
LogPluginManager: Mounting plugin KDevelopSourceCodeAccess
LogPluginManager: Mounting plugin NullSourceCodeAccess
LogPluginManager: Mounting plugin PerforceSourceControl
LogPluginManager: Mounting plugin SubversionSourceControl
LogPluginManager: Mounting plugin UObjectPlugin
LogPluginManager: Mounting plugin VisualStudioSourceCodeAccess
LogPluginManager: Mounting plugin XCodeSourceCodeAccess
LogPluginManager: Mounting plugin AssetManagerEditor
LogPluginManager: Mounting plugin AudioCapture
LogPluginManager: Mounting plugin FacialAnimation
LogPluginManager: Mounting plugin GameplayTagsEditor
LogPluginManager: Mounting plugin MobileLauncherProfileWizard
LogPluginManager: Mounting plugin PluginBrowser
LogPluginManager: Mounting plugin SpeedTreeImporter
LogPluginManager: Mounting plugin AlembicImporter
LogPluginManager: Mounting plugin CharacterAI
LogPluginManager: Mounting plugin HTML5Networking
LogPluginManager: Mounting plugin AndroidMedia
LogPluginManager: Mounting plugin AvfMedia
LogPluginManager: Mounting plugin MediaPlayerEditor
LogPluginManager: Mounting plugin WmfMedia
LogPluginManager: Mounting plugin TcpMessaging
LogPluginManager: Mounting plugin UdpMessaging
LogPluginManager: Mounting plugin LevelSequenceEditor
LogPluginManager: Mounting plugin MatineeToLevelSequence
LogPluginManager: Mounting plugin OnlineSubsystemGooglePlay
LogPluginManager: Mounting plugin OnlineSubsystemIOS
LogPluginManager: Mounting plugin OnlineSubsystem
LogPluginManager: Mounting plugin OnlineSubsystemNull
LogPluginManager: Mounting plugin OnlineSubsystemUtils
LogPluginManager: Mounting plugin AndroidDeviceProfileSelector
LogPluginManager: Mounting plugin AndroidMoviePlayer
LogPluginManager: Mounting plugin AndroidPermission
LogPluginManager: Mounting plugin AppleMoviePlayer
LogPluginManager: Mounting plugin ArchVisCharacter
LogPluginManager: Mounting plugin CableComponent
LogPluginManager: Mounting plugin CustomMeshComponent
LogPluginManager: Mounting plugin ExampleDeviceProfileSelector
LogPluginManager: Mounting plugin GoogleCloudMessaging
LogPluginManager: Mounting plugin ImmediatePhysics
LogPluginManager: Mounting plugin IOSDeviceProfileSelector
LogPluginManager: Mounting plugin LinuxDeviceProfileSelector
LogPluginManager: Mounting plugin LocationServicesBPLibrary
LogPluginManager: Mounting plugin MobilePatchingUtils
LogPluginManager: Mounting plugin OculusVR
LogPluginManager: Mounting plugin PhysXVehicles
LogPluginManager: Mounting plugin ProceduralMeshComponent
LogPluginManager: Mounting plugin RuntimePhysXCooking
LogPluginManager: Mounting plugin SteamVR
LogPluginManager: Mounting plugin WindowsMoviePlayer
LogInit: Using libcurl 7.47.1
LogInit:  - built for x86_64-pc-win32
LogInit:  - supports SSL with OpenSSL/1.0.2g
LogInit:  - supports HTTP deflate (compression) using libz 1.2.8
LogInit:  - other features:
LogInit:      CURL_VERSION_SSL
LogInit:      CURL_VERSION_LIBZ
LogInit:      CURL_VERSION_IPV6
LogInit:      CURL_VERSION_ASYNCHDNS
LogInit:      CURL_VERSION_LARGEFILE
LogInit:      CURL_VERSION_IDN
LogInit:  CurlRequestOptions (configurable via config and command line):
LogInit:  - bVerifyPeer = false  - Libcurl will NOT verify peer certificate
LogInit:  - bUseHttpProxy = false  - Libcurl will NOT use HTTP proxy
LogInit:  - bDontReuseConnections = false  - Libcurl will reuse connections
LogInit:  - CertBundlePath = nullptr  - Libcurl will use whatever was configured at build time.
LogInit: Build: ++UE4+Release-4.17-CL-3658906
LogInit: Engine Version: 4.17.2-3658906+++UE4+Release-4.17
LogInit: Compatible Engine Version: 4.17.0-3573198+++UE4+Release-4.17
LogInit: Net CL: 3573198
LogDevObjectVersion: Number of dev versions registered: 16
LogDevObjectVersion:   Dev-Blueprints (B0D832E4-1F89-4F0D-ACCF-7EB736FD4AA2): 10
LogDevObjectVersion:   Dev-Build (E1C64328-A22C-4D53-A36C-8E866417BD8C): 0
LogDevObjectVersion:   Dev-Core (375EC13C-06E4-48FB-B500-84F0262A717E): 2
LogDevObjectVersion:   Dev-Editor (E4B068ED-F494-42E9-A231-DA0B2E46BB41): 20
LogDevObjectVersion:   Dev-Framework (CFFC743F-43B0-4480-9391-14DF171D2073): 28
LogDevObjectVersion:   Dev-Mobile (B02B49B5-BB20-44E9-A304-32B752E40360): 0
LogDevObjectVersion:   Dev-Networking (A4E4105C-59A1-49B5-A7C5-40C4547EDFEE): 0
LogDevObjectVersion:   Dev-Online (39C831C9-5AE6-47DC-9A44-9C173E1C8E7C): 0
LogDevObjectVersion:   Dev-Physics (78F01B33-EBEA-4F98-B9B4-84EACCB95AA2): 0
LogDevObjectVersion:   Dev-Platform (6631380F-2D4D-43E0-8009-CF276956A95A): 0
LogDevObjectVersion:   Dev-Rendering (12F88B9F-8875-4AFC-A67C-D90C383ABD29): 19
LogDevObjectVersion:   Dev-Sequencer (7B5AE74C-D270-4C10-A958-57980B212A5A): 4
LogDevObjectVersion:   Dev-VR (D7296918-1DD6-4BDD-9DE2-64A83CC13884): 0
LogDevObjectVersion:   Dev-LoadTimes (C2A15278-BFE7-4AFE-6C17-90FF531DF755): 1
LogDevObjectVersion:   Private-Geometry (6EACA3D4-40EC-4CC1-B786-8BED09428FC5): 1
LogDevObjectVersion:   Dev-AnimPhys (29E575DD-E0A3-4627-9D10-D276232CDCEA): 7
LogInit: Compiled (64-bit): Sep 22 2017 13:47:16
LogInit: Compiled with Visual C++: 19.00.24215.01
LogInit: Build Configuration: Development
LogInit: Branch Name: ++UE4+Release-4.17
LogInit: Command line: -EpicPortal 
LogInit: Base directory: R:/Programs/Unreal Engine 4/UE_4.17/Engine/Binaries/Win64/
LogInit: Installed Engine Build: 1
LogInit: Presizing for max 8388607 objects, including 0 objects not considered by GC, pre-allocating 0 bytes for permanent pool.
LogInit: Object subsystem initialized
[2018.02.22-17.56.35:005][  0]LogInit: Selected Device Profile: [Windows]
[2018.02.22-17.56.35:005][  0]LogInit: Applying CVar settings loaded from the selected device profile: [Windows]
[2018.02.22-17.56.35:013][  0]LogInit: Computer: JOSEFOVICH
[2018.02.22-17.56.35:013][  0]LogInit: User: Josefovich
[2018.02.22-17.56.35:013][  0]LogInit: CPU Page size=4096, Cores=4
[2018.02.22-17.56.35:013][  0]LogInit: High frequency timer resolution =2.437503 MHz
[2018.02.22-17.56.35:013][  0]LogMemory: Memory total: Physical=15.9GB (16GB approx)
[2018.02.22-17.56.35:013][  0]LogMemory: Platform Memory Stats for Windows
[2018.02.22-17.56.35:013][  0]LogMemory: Process Physical Memory: 277.72 MB used, 277.72 MB peak
[2018.02.22-17.56.35:013][  0]LogMemory: Process Virtual Memory: 274.24 MB used, 274.24 MB peak
[2018.02.22-17.56.35:013][  0]LogMemory: Physical Memory: 5909.43 MB used,  10359.58 MB free, 16269.02 MB total
[2018.02.22-17.56.35:013][  0]LogMemory: Virtual Memory: 668.18 MB used,  10359.58 MB free, 134217728.00 MB total
[2018.02.22-17.56.35:174][  0]LogInit: Using OS detected language (en-US).
[2018.02.22-17.56.35:174][  0]LogInit: Using OS detected locale (en-US).
[2018.02.22-17.56.35:182][  0]LogTextLocalizationManager: No specific localization for 'en-US' exists, so the 'en' localization will be used.
[2018.02.22-17.56.36:160][  0]LogD3D11RHI: D3D11 adapters:
[2018.02.22-17.56.36:223][  0]LogD3D11RHI:    0. 'NVIDIA GeForce GTX 1050' (Feature Level 11_0)
[2018.02.22-17.56.36:223][  0]LogD3D11RHI:       4021/0/8134 MB DedicatedVideo/DedicatedSystem/SharedSystem, Outputs:1, VendorId:0x10de
[2018.02.22-17.56.36:232][  0]LogD3D11RHI:    1. 'Intel(R) HD Graphics 630' (Feature Level 11_0)
[2018.02.22-17.56.36:232][  0]LogD3D11RHI:       128/0/8134 MB DedicatedVideo/DedicatedSystem/SharedSystem, Outputs:0, VendorId:0x8086
[2018.02.22-17.56.36:234][  0]LogD3D11RHI:    2. 'Microsoft Basic Render Driver' (Feature Level 11_0)
[2018.02.22-17.56.36:234][  0]LogD3D11RHI:       0/0/8134 MB DedicatedVideo/DedicatedSystem/SharedSystem, Outputs:0, VendorId:0x1414
[2018.02.22-17.56.36:234][  0]LogD3D11RHI: Chosen D3D11 Adapter: 0
[2018.02.22-17.56.36:242][  0]LogD3D11RHI: Creating new Direct3DDevice
[2018.02.22-17.56.36:242][  0]LogD3D11RHI:     GPU DeviceId: 0x1c8d (for the marketing name, search the web for "GPU Device Id")
[2018.02.22-17.56.36:242][  0]LogWindows: EnumDisplayDevices:
[2018.02.22-17.56.36:243][  0]LogWindows:    0. 'Intel(R) HD Graphics 630' (P:1 D:1)
[2018.02.22-17.56.36:243][  0]LogWindows:    1. 'Intel(R) HD Graphics 630' (P:0 D:0)
[2018.02.22-17.56.36:243][  0]LogWindows:    2. 'Intel(R) HD Graphics 630' (P:0 D:0)
[2018.02.22-17.56.36:243][  0]LogWindows: DebugString: PrimaryIsNotTheChoosenAdapter PrimaryIsNotTheChoosenAdapter PrimaryIsNotTheChoosenAdapter FoundDriverCount:0 
[2018.02.22-17.56.36:243][  0]LogD3D11RHI:     Adapter Name: NVIDIA GeForce GTX 1050
[2018.02.22-17.56.36:243][  0]LogD3D11RHI:   Driver Version: Unknown (internal:Unknown, unified:Unknown)
[2018.02.22-17.56.36:243][  0]LogD3D11RHI:      Driver Date: Unknown
[2018.02.22-17.56.36:243][  0]LogRHI: Texture pool is 1361 MB (70% of 1945 MB)
[2018.02.22-17.56.36:278][  0]LogD3D11RHI: Async texture creation enabled
[2018.02.22-17.56.36:294][  0]LogD3D11RHI: GPU Timing Frequency: 1000.000000 (Debug: 2 2)
[2018.02.22-17.56.36:297][  0]LogShaderCompilers: Guid format shader working directory is 30 characters bigger than the processId version (G:/OurfirstGame/Intermediate/Shaders/WorkingDirectory/11188/).
[2018.02.22-17.56.36:298][  0]LogShaderCompilers: Cleaned the shader compiler working directory 'C:/Users/tkacu/AppData/Local/Temp/UnrealShaderWorkingDir/30FD9FB94C277B7798FD6D9108BB0466/'.
[2018.02.22-17.56.36:298][  0]LogShaderCompilers: Display: Using Local Shader Compiler.
[2018.02.22-17.56.37:330][  0]LogTemp: Display: Loaded TP AllDesktopTargetPlatform
[2018.02.22-17.56.37:377][  0]LogTemp: Display: Loaded TP MacClientTargetPlatform
[2018.02.22-17.56.37:423][  0]LogTemp: Display: Loaded TP MacNoEditorTargetPlatform
[2018.02.22-17.56.37:471][  0]LogTemp: Display: Loaded TP MacServerTargetPlatform
[2018.02.22-17.56.37:521][  0]LogTemp: Display: Loaded TP MacTargetPlatform
[2018.02.22-17.56.37:567][  0]LogTemp: Display: Loaded TP WindowsClientTargetPlatform
[2018.02.22-17.56.37:616][  0]LogTemp: Display: Loaded TP WindowsNoEditorTargetPlatform
[2018.02.22-17.56.37:663][  0]LogTemp: Display: Loaded TP WindowsServerTargetPlatform
[2018.02.22-17.56.37:703][  0]LogTemp: Display: Loaded TP WindowsTargetPlatform
[2018.02.22-17.56.37:754][  0]LogTemp: Display: Loaded TP AndroidTargetPlatform
[2018.02.22-17.56.37:801][  0]LogTemp: Display: Loaded TP Android_ASTCTargetPlatform
[2018.02.22-17.56.37:847][  0]LogTemp: Display: Loaded TP Android_ATCTargetPlatform
[2018.02.22-17.56.37:896][  0]LogTemp: Display: Loaded TP Android_DXTTargetPlatform
[2018.02.22-17.56.37:941][  0]LogTemp: Display: Loaded TP Android_ETC1TargetPlatform
[2018.02.22-17.56.37:987][  0]LogTemp: Display: Loaded TP Android_ETC2TargetPlatform
[2018.02.22-17.56.38:084][  0]LogTemp: Display: Loaded TP Android_MultiTargetPlatform
[2018.02.22-17.56.38:084][  0]LogTemp: Display: Loaded TP Android_PVRTCTargetPlatform
[2018.02.22-17.56.38:120][  0]LogTemp: Display: Loaded TP HTML5TargetPlatform
[2018.02.22-17.56.38:206][  0]LogTemp: Display: Loaded TP IOSTargetPlatform
[2018.02.22-17.56.38:233][  0]LogTemp: Display: Loaded TP TVOSTargetPlatform
[2018.02.22-17.56.38:281][  0]LogTemp: Display: Loaded TP LinuxClientTargetPlatform
[2018.02.22-17.56.38:328][  0]LogTemp: Display: Loaded TP LinuxNoEditorTargetPlatform
[2018.02.22-17.56.38:377][  0]LogTemp: Display: Loaded TP LinuxServerTargetPlatform
[2018.02.22-17.56.38:425][  0]LogTemp: Display: Loaded TP LinuxTargetPlatform
[2018.02.22-17.56.38:425][  0]LogTargetPlatformManager: Display: Building Assets For Windows
[2018.02.22-17.56.38:846][  0]LogDerivedDataCache: Display: Max Cache Size: 512 MB
[2018.02.22-17.56.38:975][  0]LogDerivedDataCache: Loaded boot cache 0.13s 93MB C:/Users/tkacu/AppData/Local/UnrealEngine/4.17/DerivedDataCache/Boot.ddc.
[2018.02.22-17.56.38:975][  0]LogDerivedDataCache: Display: Loaded Boot cache: C:/Users/tkacu/AppData/Local/UnrealEngine/4.17/DerivedDataCache/Boot.ddc
[2018.02.22-17.56.38:975][  0]LogDerivedDataCache: FDerivedDataBackendGraph:  Pak pak cache file G:/OurfirstGame/DerivedDataCache/DDC.ddp not found, will not use a pak cache.
[2018.02.22-17.56.38:975][  0]LogDerivedDataCache: Unable to find inner node Pak for hierarchical cache Hierarchy.
[2018.02.22-17.56.38:975][  0]LogDerivedDataCache: FDerivedDataBackendGraph:  CompressedPak pak cache file G:/OurfirstGame/DerivedDataCache/Compressed.ddp not found, will not use a pak cache.
[2018.02.22-17.56.38:975][  0]LogDerivedDataCache: Unable to find inner node CompressedPak for hierarchical cache Hierarchy.
[2018.02.22-17.56.38:993][  0]LogDerivedDataCache: Display: Pak cache opened for reading ../../../Engine/DerivedDataCache/Compressed.ddp.
[2018.02.22-17.56.39:006][  0]LogDerivedDataCache: Using Local data cache path C:/Users/tkacu/AppData/Local/UnrealEngine/Common/DerivedDataCache: Writable
[2018.02.22-17.56.39:024][  0]LogMaterial: Verifying Global Shaders for PCD3D_SM5
[2018.02.22-17.56.39:025][  0]LogSlate: Using Freetype 2.6.0
[2018.02.22-17.56.39:027][  0]LogSlate: SlateFontCache - WITH_FREETYPE: 1, WITH_HARFBUZZ: 1
[2018.02.22-17.56.39:027][  0]LogSlate: SlateFontCache - WITH_FREETYPE: 1, WITH_HARFBUZZ: 1
[2018.02.22-17.56.39:397][  0]LogAssetRegistry: FAssetRegistry took 0.0252 seconds to start up
[2018.02.22-17.56.39:517][  0]LogInit: Selected Device Profile: [Windows]
[2018.02.22-17.56.39:664][  0]LogContentStreaming: Texture pool size is 0.00 MB
[2018.02.22-17.56.39:946][  0]LogSimplygon: Simplygon DLL not present - disabling.
[2018.02.22-17.56.39:985][  0]LogMeshReduction: Using SimplygonSwarm for distributed automatic mesh merging
[2018.02.22-17.56.39:985][  0]LogMeshReduction: Using QuadricMeshReduction for automatic static mesh reduction
[2018.02.22-17.56.39:985][  0]LogMeshReduction: No automatic skeletal mesh reduction module available
[2018.02.22-17.56.39:985][  0]LogMeshReduction: No automatic mesh merging module available
[2018.02.22-17.56.39:985][  0]LogMeshMerging: No automatic mesh merging module available
[2018.02.22-17.56.40:348][  0]LogNetVersion: OurfirstGame , NetCL: 3573198, EngineNetVer: 2, GameNetVer: 0 (Checksum: 1891596558)
[2018.02.22-17.56.40:549][  0]LogPackageLocalizationCache: Processed 5 localized package path(s) for 2 prioritized culture(s) in 0.031280 seconds
[2018.02.22-17.56.40:556][  0]LogUObjectArray: 35825 objects as part of root set at end of initial load.
[2018.02.22-17.56.40:556][  0]LogUObjectAllocator: 7529112 out of 0 bytes used by permanent object pool.
[2018.02.22-17.56.40:556][  0]LogUObjectArray: CloseDisregardForGC: 0/0 objects in disregard for GC pool
[2018.02.22-17.56.40:606][  0]LogInit: WinSock: version 1.1 (2.2), MaxSocks=32767, MaxUdp=65467
[2018.02.22-17.56.43:416][  0]LogTcpMessaging: Initializing TcpMessaging bridge
[2018.02.22-17.56.43:454][  0]LogUdpMessaging: Initializing bridge on interface 0.0.0.0:0 to multicast group 230.0.0.1:6666.
[2018.02.22-17.56.44:160][  0]LogMaterial: Uniform references updated for custom material expression Custom.
[2018.02.22-17.56.44:634][  0]SourceControl: Source control is disabled
[2018.02.22-17.56.44:634][  0]SourceControl: Source control is disabled
[2018.02.22-17.56.44:684][  0]SourceControl: Source control is disabled
[2018.02.22-17.56.44:736][  0]SourceControl: Source control is disabled
[2018.02.22-17.56.45:511][  0]LogAndroidPermission: UAndroidPermissionCallbackProxy::GetInstance
[2018.02.22-17.56.45:801][  0]LogOcInput: OculusInput pre-init called
[2018.02.22-17.56.46:041][  0]LogEngine: Initializing Engine...
[2018.02.22-17.56.46:044][  0]LogHMD: Failed to initialize OpenVR with code 110
[2018.02.22-17.56.46:396][  0]LogStats: UGameplayTagsManager::ConstructGameplayTagTree: Construct from data asset -  0.000 s
[2018.02.22-17.56.46:396][  0]LogStats: UGameplayTagsManager::ConstructGameplayTagTree: GameplayTagTreeChangedEvent.Broadcast -  0.000 s
[2018.02.22-17.56.46:514][  0]LogAIModule: Creating AISystem for world Untitled
[2018.02.22-17.56.46:522][  0]LogInit: XAudio2 using 'Speakers (Realtek High Definition Audio)' : 2 channels at 48 kHz using 32 bits per sample (channel mask 0x3)
[2018.02.22-17.56.46:594][  0]LogInit: FAudioDevice initialized.
[2018.02.22-17.56.46:700][  0]LogDerivedDataCache: Saved boot cache 0.11s 93MB C:/Users/tkacu/AppData/Local/UnrealEngine/4.17/DerivedDataCache/Boot.ddc.
[2018.02.22-17.56.46:708][  0]LogInit: Texture streaming: Enabled
[2018.02.22-17.56.46:803][  0]LogEngineSessionManager: EngineSessionManager initialized
[2018.02.22-17.56.47:052][  0]LogInit: Transaction tracking system initialized
[2018.02.22-17.56.47:356][  0]BlueprintLog: New page: Editor Load
[2018.02.22-17.56.48:282][  0]LocalizationService: Localization service is disabled
[2018.02.22-17.56.49:006][  0]LogConsoleResponse: Display: 
[2018.02.22-17.56.49:198][  0]LogFileCache: Scanning file cache for directory 'G:/OurfirstGame/Content/' took 0.01s
[2018.02.22-17.56.49:198][  0]LogCook: Display: Max memory allowance for cook 16384mb min free memory 0mb
[2018.02.22-17.56.49:198][  0]LogCook: Display: Mobile HDR setting 1
[2018.02.22-17.56.49:198][  0]LogGameplayTags: Display: UGameplayTagsManager::DoneAddingNativeTags. DelegateIsBound: 0
[2018.02.22-17.56.50:221][  0]SourceControl: Source control is disabled
[2018.02.22-17.56.50:222][  0]Cmd: MAP LOAD FILE="../../../Engine/Content/Maps/Templates/Template_Default.umap" TEMPLATE=1 SHOWPROGRESS=1 FEATURELEVEL=3
[2018.02.22-17.56.50:222][  0]LightingResults: New page: Lighting Build
[2018.02.22-17.56.50:267][  0]MapCheck: New page: Map Check
[2018.02.22-17.56.50:267][  0]LightingResults: New page: Lighting Build
[2018.02.22-17.56.50:473][  0]LogAIModule: Creating AISystem for world Untitled_1
[2018.02.22-17.56.50:479][  0]LogEditorServer: Finished looking for orphan Actors (0.000 secs)
[2018.02.22-17.56.50:492][  0]Cmd: MAP CHECKDEP NOCLEARLOG
[2018.02.22-17.56.50:622][  0]MapCheck: Map check complete: 0 Error(s), 0 Warning(s), took 129.859ms to complete.
[2018.02.22-17.56.50:623][  0]LogFileHelpers: Loading map 'Template_Default' took 0.401
[2018.02.22-17.56.50:731][  0]LogCollectionManager: Loaded 0 collections in 0.001692 seconds
[2018.02.22-17.56.50:819][  0]LogFileCache: Scanning file cache for directory 'G:/OurfirstGame/Saved/Collections/' took 0.01s
[2018.02.22-17.56.50:819][  0]LogFileCache: Scanning file cache for directory 'G:/OurfirstGame/Content/Developers/Josefovich/Collections/' took 0.01s
[2018.02.22-17.56.50:819][  0]LogFileCache: Scanning file cache for directory 'G:/OurfirstGame/Content/Collections/' took 0.01s
[2018.02.22-17.56.50:819][  0]LogCollectionManager: Rebuilt the GUID cache for 0 collections in 0.000000 seconds
[2018.02.22-17.56.50:829][  0]LogContentBrowser: Native class hierarchy populated in 0.0102 seconds. Added 2386 classes and 500 folders.
[2018.02.22-17.56.50:890][  0]LogContentBrowser: Native class hierarchy updated for 'WidgetCarousel' in 0.0009 seconds. Added 0 classes and 0 folders.
[2018.02.22-17.56.50:971][  0]LogContentBrowser: Native class hierarchy updated for 'AddContentDialog' in 0.0007 seconds. Added 0 classes and 0 folders.
[2018.02.22-17.56.51:131][  0]LogContentBrowser: Native class hierarchy updated for 'SceneOutliner' in 0.0006 seconds. Added 1 classes and 2 folders.
[2018.02.22-17.56.51:148][  0]LogSlate: Took 0.000739 seconds to synchronously load lazily loaded font '../../../Engine/Content/Slate/Fonts/Roboto-Regular.ttf' (155K)
[2018.02.22-17.56.51:153][  0]LogSlate: Took 0.000586 seconds to synchronously load lazily loaded font '../../../Engine/Content/Slate/Fonts/Roboto-Bold.ttf' (160K)
[2018.02.22-17.56.51:245][  0]LogRenderer: Reallocating scene render targets to support 1016x708 Format 10 NumSamples 1 (Frame:1).
[2018.02.22-17.56.51:482][  0]LogContentBrowser: Native class hierarchy updated for 'HierarchicalLODOutliner' in 0.0007 seconds. Added 1 classes and 2 folders.
[2018.02.22-17.56.51:482][  0]LogLoad: (Engine Initialization) Total time: 17.95 seconds
[2018.02.22-17.56.51:482][  0]LogLoad: (Engine Initialization) Total Blueprint compile time: 0.00 seconds
[2018.02.22-17.56.51:483][  0]LogExternalProfiler: Found external profiler: VSPerf
[2018.02.22-17.56.51:483][  0]LogExternalProfiler: Using external profiler: VSPerf
[2018.02.22-17.56.51:844][  0]LogContentStreaming: Texture pool size now 1000 MB
[2018.02.22-17.56.52:163][  1]LogAssetRegistry: Asset discovery search completed in 12.7867 seconds
[2018.02.22-17.56.52:164][  1]LogCollectionManager: Rebuilt the object cache for 0 collections in 0.000000 seconds (found 0 objects)
[2018.02.22-17.56.52:164][  1]LogCollectionManager: Fixed up redirectors for 0 collections in 0.000046 seconds (updated 0 objects)
[2018.02.22-18.11.59:442][341]SourceControl: Source control is disabled
